<?xml version="1.0" encoding="UTF-8"?>
<testsuite name="org.example.AppTest" tests="1" skipped="0" failures="0" errors="0" timestamp="2024-02-10T06:16:32" hostname="DESKTOP-4BFGH7G" time="0.017">
  <properties/>
  <testcase name="appHasAGreeting()" classname="org.example.AppTest" time="0.017"/>
  <system-out><![CDATA[]]></system-out>
  <system-err><![CDATA[]]></system-err>
</testsuite>
