<?xml version="1.0" encoding="UTF-8"?>
<testsuite name="org.example.AppTest" tests="1" skipped="0" failures="0" errors="0" timestamp="2024-02-24T23:46:08" hostname="DESKTOP-4BFGH7G" time="0.006">
  <properties/>
  <testcase name="appHasAGreeting" classname="org.example.AppTest" time="0.006"/>
  <system-out><![CDATA[]]></system-out>
  <system-err><![CDATA[]]></system-err>
</testsuite>
